<?xml version="1.0" encoding="UTF-8"?>
<!-- Generated by org.testng.reporters.JUnitXMLReporter -->
<testsuite ignored="0" hostname="karima-hp" failures="1" tests="2" name="chrome Test" time="5.411" errors="0" timestamp="2023-03-11T20:54:22 EST">
  <testcase classname="parallelTestingandinvocation.ParamTesting" name="testLogo" time="0.214">
    <failure type="java.lang.AssertionError" message="expected [true] but found [false]">
      <![CDATA[java.lang.AssertionError: expected [true] but found [false]
at parallelTestingandinvocation.ParamTesting.testLogo(ParamTesting.java:48)
at java.base/java.util.ArrayList.forEach(ArrayList.java:1511)
... Removed 34 stack frames]]>
    </failure>
  </testcase> <!-- testLogo -->
  <testcase classname="parallelTestingandinvocation.ParamTesting" name="testHomePage" time="0.009"/>
</testsuite> <!-- chrome Test -->
